* Starting client
* Connecting to master process on port 9995
* Analyzing classpath: 
  - C:/Users/Dell E6420/IdeaProjects/2048/target/classes
  - C:\Program Files\Java\jdk1.8.0_171\jre\lib\charsets.jar
  - C:\Program Files\Java\jdk1.8.0_171\jre\lib\deploy.jar
  - C:\Program Files\Java\jdk1.8.0_171\jre\lib\ext\access-bridge-64.jar
  - C:\Program Files\Java\jdk1.8.0_171\jre\lib\ext\cldrdata.jar
  - C:\Program Files\Java\jdk1.8.0_171\jre\lib\ext\dnsns.jar
  - C:\Program Files\Java\jdk1.8.0_171\jre\lib\ext\jaccess.jar
  - C:\Program Files\Java\jdk1.8.0_171\jre\lib\ext\jfxrt.jar
  - C:\Program Files\Java\jdk1.8.0_171\jre\lib\ext\localedata.jar
  - C:\Program Files\Java\jdk1.8.0_171\jre\lib\ext\nashorn.jar
  - C:\Program Files\Java\jdk1.8.0_171\jre\lib\ext\sunec.jar
  - C:\Program Files\Java\jdk1.8.0_171\jre\lib\ext\sunjce_provider.jar
  - C:\Program Files\Java\jdk1.8.0_171\jre\lib\ext\sunmscapi.jar
  - C:\Program Files\Java\jdk1.8.0_171\jre\lib\ext\sunpkcs11.jar
  - C:\Program Files\Java\jdk1.8.0_171\jre\lib\ext\zipfs.jar
  - C:\Program Files\Java\jdk1.8.0_171\jre\lib\javaws.jar
  - C:\Program Files\Java\jdk1.8.0_171\jre\lib\jce.jar
  - C:\Program Files\Java\jdk1.8.0_171\jre\lib\jfr.jar
  - C:\Program Files\Java\jdk1.8.0_171\jre\lib\jfxswt.jar
  - C:\Program Files\Java\jdk1.8.0_171\jre\lib\jsse.jar
  - C:\Program Files\Java\jdk1.8.0_171\jre\lib\management-agent.jar
  - C:\Program Files\Java\jdk1.8.0_171\jre\lib\plugin.jar
  - C:\Program Files\Java\jdk1.8.0_171\jre\lib\resources.jar
  - C:\Program Files\Java\jdk1.8.0_171\jre\lib\rt.jar
  - C:\Users\Dell E6420\IdeaProjects\2048\target\classes
  - D:\IntelliJ IDEA Community Edition 2018.1.2\lib\junit-4.12.jar
  - D:\IntelliJ IDEA Community Edition 2018.1.2\lib\hamcrest-core-1.3.jar
* Finished analyzing classpath
* Generating tests for class com.company.GamePlay
* Test criteria:
  - Line Coverage
  - Branch Coverage
  - Exception
  - Mutation testing (weak)
  - Method-Output Coverage
  - Top-Level Method Coverage
  - No-Exception Top-Level Method Coverage
  - Context Branch Coverage
* Setting up search algorithm for whole suite generation
* Loaded 3 tests from C:\Users\Dell E6420\IdeaProjects\2048\.evosuite\evosuite-seeds\com.company.GamePlay.seed
* Total number of test goals: 
  - Line 64
  - Branch 18
  - Exception 0
  - MutationFactory 100
  - Output 0
  - Method 7
  - MethodNoException 7
  - CBranchFitnessFactory 18
* Using seed 1525795624649
* Starting evolution
[MASTER] 23:07:54.748 [pool-2-thread-1] WARN  TimeController - Phase INITIALIZATION lasted too long, 35 seconds more than allowed.
[MASTER] 23:07:55.926 [pool-2-thread-1] WARN  TestUsageChecker - class javax.swing.JSlider$1SmartHashtable looks like an anonymous class, ignoring it (although reflection says false) SmartHashtable
* Search finished after 96s and 525 generations, 8530 statements, best individual has fitness: 200.48305084745763
* Writing sequences to pool
* Minimizing test suite
* Going to analyze the coverage criteria
* Coverage analysis for criterion LINE
* Coverage of criterion LINE: 9%
* Total number of goals: 64
* Number of covered goals: 6
* Coverage analysis for criterion BRANCH
* Coverage of criterion BRANCH: 6%
* Total number of goals: 18
* Number of covered goals: 1
* Coverage analysis for criterion EXCEPTION
* Coverage of criterion EXCEPTION: 100%
* Total number of goals: 1
* Number of covered goals: 1
* Coverage analysis for criterion WEAKMUTATION
* Coverage of criterion WEAKMUTATION: 0%
* Total number of goals: 100
* Number of covered goals: 0
* Coverage analysis for criterion OUTPUT
* Coverage of criterion OUTPUT: 100% (no goals)
* Coverage analysis for criterion METHOD
* Coverage of criterion METHOD: 14%
* Total number of goals: 7
* Number of covered goals: 1
* Coverage analysis for criterion METHODNOEXCEPTION
* Coverage of criterion METHODNOEXCEPTION: 0%
* Total number of goals: 7
* Number of covered goals: 0
* Coverage analysis for criterion CBRANCH
* Coverage of criterion CBRANCH: 6%
* Total number of goals: 18
* Number of covered goals: 1
* Generated 1 tests with total length 1
* Resulting test suite's coverage: 29% (average coverage for all fitness functions)
* Generating assertions
* Resulting test suite's mutation score: 0%
* Compiling and checking tests
[MASTER] 23:10:29.401 [pool-2-thread-1] WARN  TestSuiteGenerator - JUnit checking timed out
[MASTER] 23:10:29.401 [pool-2-thread-1] WARN  TimeController - Phase JUNIT_CHECK lasted too long, 28 seconds more than allowed.
[MASTER] 23:10:29.401 [pool-2-thread-1] WARN  TimeController - Current phase WRITING_TESTS could run up to 14s, but only -25s are left
* Writing JUnit test case 'GamePlay_ESTest' to C:\Users\Dell E6420\IdeaProjects\2048\.evosuite\tmp_2018_05_08_23_06_54\tests
* Done!

